{
  "stats": {
    "suites": 7,
    "tests": 24,
    "passes": 24,
    "pending": 0,
    "failures": 0,
    "start": "2025-03-04T12:39:07.631Z",
    "end": "2025-03-04T12:45:49.098Z",
    "duration": 401467,
    "testsRegistered": 24,
    "passPercent": 100,
    "pendingPercent": 0,
    "other": 0,
    "hasOther": false,
    "skipped": 0,
    "hasSkipped": false
  },
  "results": [
    {
      "uuid": "05d8d72e-a292-4ab2-910c-a4711e6da78f",
      "title": "",
      "fullFile": "C:\\Users\\Pramo\\farmer\\test.js",
      "file": "\\test.js",
      "beforeHooks": [],
      "afterHooks": [],
      "tests": [],
      "suites": [
        {
          "uuid": "1bb229d0-1c20-47a5-a8a0-62efaf283d4d",
          "title": "REGULAR FARMER APP TEST REPORT",
          "fullFile": "C:\\Users\\Pramo\\farmer\\test.js",
          "file": "\\test.js",
          "beforeHooks": [
            {
              "title": "\"before all\" hook in \"REGULAR FARMER APP TEST REPORT\"",
              "fullTitle": "REGULAR FARMER APP TEST REPORT \"before all\" hook in \"REGULAR FARMER APP TEST REPORT\"",
              "timedOut": false,
              "duration": 6834,
              "state": null,
              "speed": null,
              "pass": false,
              "fail": false,
              "pending": false,
              "context": null,
              "code": "browser = await webdriverio.remote({\n  hostname: 'localhost',\n  port: 4723,\n  path: '/',\n  capabilities\n});\nawait browser.activateApp('com.krishivaas');",
              "err": {},
              "uuid": "d575991b-d690-49f1-9448-429393a2b98b",
              "parentUUID": "1bb229d0-1c20-47a5-a8a0-62efaf283d4d",
              "isHook": true,
              "skipped": false
            }
          ],
          "afterHooks": [],
          "tests": [],
          "suites": [
            {
              "uuid": "9a49da8b-d5bd-4ab3-8a00-45f7cb614d08",
              "title": "TC-1 : Permissions > Login",
              "fullFile": "C:\\Users\\Pramo\\farmer\\test.js",
              "file": "\\test.js",
              "beforeHooks": [],
              "afterHooks": [],
              "tests": [
                {
                  "title": "Allow Permissions",
                  "fullTitle": "REGULAR FARMER APP TEST REPORT TC-1 : Permissions > Login Allow Permissions",
                  "timedOut": false,
                  "duration": 6260,
                  "state": "passed",
                  "speed": "slow",
                  "pass": true,
                  "fail": false,
                  "pending": false,
                  "context": null,
                  "code": "await allowPermissions(browser);",
                  "err": {},
                  "uuid": "5a6666b5-152f-4a4f-af4f-e9db1cfcb5f6",
                  "parentUUID": "9a49da8b-d5bd-4ab3-8a00-45f7cb614d08",
                  "isHook": false,
                  "skipped": false
                },
                {
                  "title": "Login",
                  "fullTitle": "REGULAR FARMER APP TEST REPORT TC-1 : Permissions > Login Login",
                  "timedOut": false,
                  "duration": 59191,
                  "state": "passed",
                  "speed": "slow",
                  "pass": true,
                  "fail": false,
                  "pending": false,
                  "context": null,
                  "code": "await login(browser);",
                  "err": {},
                  "uuid": "9c4bb9c9-0b8f-40b6-8f21-e912e4e1c3a0",
                  "parentUUID": "9a49da8b-d5bd-4ab3-8a00-45f7cb614d08",
                  "isHook": false,
                  "skipped": false
                }
              ],
              "suites": [],
              "passes": [
                "5a6666b5-152f-4a4f-af4f-e9db1cfcb5f6",
                "9c4bb9c9-0b8f-40b6-8f21-e912e4e1c3a0"
              ],
              "failures": [],
              "pending": [],
              "skipped": [],
              "duration": 65451,
              "root": false,
              "rootEmpty": false,
              "_timeout": 600000
            },
            {
              "uuid": "ce731f77-2ad6-4003-b487-89ccea500882",
              "title": "TC-2 : My farms > Add farm > Add crop > Add Boundary",
              "fullFile": "C:\\Users\\Pramo\\farmer\\test.js",
              "file": "\\test.js",
              "beforeHooks": [],
              "afterHooks": [],
              "tests": [
                {
                  "title": "My Farms",
                  "fullTitle": "REGULAR FARMER APP TEST REPORT TC-2 : My farms > Add farm > Add crop > Add Boundary My Farms",
                  "timedOut": false,
                  "duration": 4211,
                  "state": "passed",
                  "speed": "slow",
                  "pass": true,
                  "fail": false,
                  "pending": false,
                  "context": null,
                  "code": "await myfarmsButton(browser);",
                  "err": {},
                  "uuid": "72f2af82-2fdb-4c16-b422-d5ed39ef2aee",
                  "parentUUID": "ce731f77-2ad6-4003-b487-89ccea500882",
                  "isHook": false,
                  "skipped": false
                },
                {
                  "title": "Add Farm Icon",
                  "fullTitle": "REGULAR FARMER APP TEST REPORT TC-2 : My farms > Add farm > Add crop > Add Boundary Add Farm Icon",
                  "timedOut": false,
                  "duration": 9113,
                  "state": "passed",
                  "speed": "slow",
                  "pass": true,
                  "fail": false,
                  "pending": false,
                  "context": null,
                  "code": "await addFarmIcon(browser);",
                  "err": {},
                  "uuid": "ea570a2a-eced-414d-8fed-31a15fd48ba7",
                  "parentUUID": "ce731f77-2ad6-4003-b487-89ccea500882",
                  "isHook": false,
                  "skipped": false
                },
                {
                  "title": "Add Farm",
                  "fullTitle": "REGULAR FARMER APP TEST REPORT TC-2 : My farms > Add farm > Add crop > Add Boundary Add Farm",
                  "timedOut": false,
                  "duration": 10944,
                  "state": "passed",
                  "speed": "slow",
                  "pass": true,
                  "fail": false,
                  "pending": false,
                  "context": null,
                  "code": "await addFarm(browser);",
                  "err": {},
                  "uuid": "7b882a4e-6cb0-4ab3-b640-538014fc264e",
                  "parentUUID": "ce731f77-2ad6-4003-b487-89ccea500882",
                  "isHook": false,
                  "skipped": false
                },
                {
                  "title": "Add Crop",
                  "fullTitle": "REGULAR FARMER APP TEST REPORT TC-2 : My farms > Add farm > Add crop > Add Boundary Add Crop",
                  "timedOut": false,
                  "duration": 23383,
                  "state": "passed",
                  "speed": "slow",
                  "pass": true,
                  "fail": false,
                  "pending": false,
                  "context": null,
                  "code": "await addCrop(browser);",
                  "err": {},
                  "uuid": "5348a16b-8341-4ae3-979a-8806f26c1fd6",
                  "parentUUID": "ce731f77-2ad6-4003-b487-89ccea500882",
                  "isHook": false,
                  "skipped": false
                },
                {
                  "title": "Add Boundary - Draw On Map",
                  "fullTitle": "REGULAR FARMER APP TEST REPORT TC-2 : My farms > Add farm > Add crop > Add Boundary Add Boundary - Draw On Map",
                  "timedOut": false,
                  "duration": 15691,
                  "state": "passed",
                  "speed": "slow",
                  "pass": true,
                  "fail": false,
                  "pending": false,
                  "context": null,
                  "code": "const coordinates = [\n  { x: 390, y: 760 },  // Top-left corner of the box\n  { x: 690, y: 760 },  // Top-right corner of the box\n  { x: 690, y: 1160 }, // Bottom-right corner of the box\n  { x: 390, y: 1160 }, // Bottom-left corner of the box\n  { x: 390, y: 760 },   // Closing the box (back to top-left)\n  { x: 390, y: 760 }   // Closing the box (back to top-left)\n  \n];\nawait tapOnScreen(browser, coordinates);",
                  "err": {},
                  "uuid": "9a52d9dc-2e6c-45c7-b7a2-d10d9e17d645",
                  "parentUUID": "ce731f77-2ad6-4003-b487-89ccea500882",
                  "isHook": false,
                  "skipped": false
                }
              ],
              "suites": [],
              "passes": [
                "72f2af82-2fdb-4c16-b422-d5ed39ef2aee",
                "ea570a2a-eced-414d-8fed-31a15fd48ba7",
                "7b882a4e-6cb0-4ab3-b640-538014fc264e",
                "5348a16b-8341-4ae3-979a-8806f26c1fd6",
                "9a52d9dc-2e6c-45c7-b7a2-d10d9e17d645"
              ],
              "failures": [],
              "pending": [],
              "skipped": [],
              "duration": 63342,
              "root": false,
              "rootEmpty": false,
              "_timeout": 600000
            },
            {
              "uuid": "ef4df983-33b8-4c29-b948-2c0fa54a6de3",
              "title": "TC-3 : Add farm > Add crop > Add Boundary > Edit farm > Edit Crop",
              "fullFile": "C:\\Users\\Pramo\\farmer\\test.js",
              "file": "\\test.js",
              "beforeHooks": [],
              "afterHooks": [],
              "tests": [
                {
                  "title": "Add Farm Icon",
                  "fullTitle": "REGULAR FARMER APP TEST REPORT TC-3 : Add farm > Add crop > Add Boundary > Edit farm > Edit Crop Add Farm Icon",
                  "timedOut": false,
                  "duration": 9097,
                  "state": "passed",
                  "speed": "slow",
                  "pass": true,
                  "fail": false,
                  "pending": false,
                  "context": null,
                  "code": "await addFarmIcon(browser);",
                  "err": {},
                  "uuid": "755f9b0b-fd4f-4444-9514-34c60eaf199c",
                  "parentUUID": "ef4df983-33b8-4c29-b948-2c0fa54a6de3",
                  "isHook": false,
                  "skipped": false
                },
                {
                  "title": "Add Farm",
                  "fullTitle": "REGULAR FARMER APP TEST REPORT TC-3 : Add farm > Add crop > Add Boundary > Edit farm > Edit Crop Add Farm",
                  "timedOut": false,
                  "duration": 10760,
                  "state": "passed",
                  "speed": "slow",
                  "pass": true,
                  "fail": false,
                  "pending": false,
                  "context": null,
                  "code": "await addFarm(browser);",
                  "err": {},
                  "uuid": "317e9d65-63b3-4068-8c1f-9e30a32f4a32",
                  "parentUUID": "ef4df983-33b8-4c29-b948-2c0fa54a6de3",
                  "isHook": false,
                  "skipped": false
                },
                {
                  "title": "Add Crop",
                  "fullTitle": "REGULAR FARMER APP TEST REPORT TC-3 : Add farm > Add crop > Add Boundary > Edit farm > Edit Crop Add Crop",
                  "timedOut": false,
                  "duration": 21098,
                  "state": "passed",
                  "speed": "slow",
                  "pass": true,
                  "fail": false,
                  "pending": false,
                  "context": null,
                  "code": "await addCrop(browser);",
                  "err": {},
                  "uuid": "364c2f24-c1b2-4c80-9eb4-e018c7e201e3",
                  "parentUUID": "ef4df983-33b8-4c29-b948-2c0fa54a6de3",
                  "isHook": false,
                  "skipped": false
                },
                {
                  "title": "Add Boundary - Draw On Map",
                  "fullTitle": "REGULAR FARMER APP TEST REPORT TC-3 : Add farm > Add crop > Add Boundary > Edit farm > Edit Crop Add Boundary - Draw On Map",
                  "timedOut": false,
                  "duration": 14041,
                  "state": "passed",
                  "speed": "slow",
                  "pass": true,
                  "fail": false,
                  "pending": false,
                  "context": null,
                  "code": "const coordinates = [\n  { x: 390, y: 760 },  // Top-left corner of the box\n  { x: 690, y: 760 },  // Top-right corner of the box\n  { x: 690, y: 1160 }, // Bottom-right corner of the box\n  { x: 390, y: 1160 }, // Bottom-left corner of the box\n  { x: 390, y: 760 },   // Closing the box (back to top-left)\n  { x: 390, y: 760 }   // Closing the box (back to top-left)\n  \n];\nawait tapOnScreen(browser, coordinates);",
                  "err": {},
                  "uuid": "70acf1aa-8d8d-4854-a03a-29e4dd6d56f8",
                  "parentUUID": "ef4df983-33b8-4c29-b948-2c0fa54a6de3",
                  "isHook": false,
                  "skipped": false
                },
                {
                  "title": "Edit Farm",
                  "fullTitle": "REGULAR FARMER APP TEST REPORT TC-3 : Add farm > Add crop > Add Boundary > Edit farm > Edit Crop Edit Farm",
                  "timedOut": false,
                  "duration": 73992,
                  "state": "passed",
                  "speed": "slow",
                  "pass": true,
                  "fail": false,
                  "pending": false,
                  "context": null,
                  "code": "await editFarm(browser);",
                  "err": {},
                  "uuid": "bad14d46-7f1a-4427-8abb-176775299647",
                  "parentUUID": "ef4df983-33b8-4c29-b948-2c0fa54a6de3",
                  "isHook": false,
                  "skipped": false
                },
                {
                  "title": "Edit Crop",
                  "fullTitle": "REGULAR FARMER APP TEST REPORT TC-3 : Add farm > Add crop > Add Boundary > Edit farm > Edit Crop Edit Crop",
                  "timedOut": false,
                  "duration": 20006,
                  "state": "passed",
                  "speed": "slow",
                  "pass": true,
                  "fail": false,
                  "pending": false,
                  "context": null,
                  "code": "await editCrop(browser);",
                  "err": {},
                  "uuid": "74fc4459-7211-4b85-93cc-cf66b726b8e3",
                  "parentUUID": "ef4df983-33b8-4c29-b948-2c0fa54a6de3",
                  "isHook": false,
                  "skipped": false
                }
              ],
              "suites": [],
              "passes": [
                "755f9b0b-fd4f-4444-9514-34c60eaf199c",
                "317e9d65-63b3-4068-8c1f-9e30a32f4a32",
                "364c2f24-c1b2-4c80-9eb4-e018c7e201e3",
                "70acf1aa-8d8d-4854-a03a-29e4dd6d56f8",
                "bad14d46-7f1a-4427-8abb-176775299647",
                "74fc4459-7211-4b85-93cc-cf66b726b8e3"
              ],
              "failures": [],
              "pending": [],
              "skipped": [],
              "duration": 148994,
              "root": false,
              "rootEmpty": false,
              "_timeout": 600000
            },
            {
              "uuid": "f198ccd7-d04e-4508-a238-84d3bb359441",
              "title": "TC-4 : Plus icon > Add farm > Skip crop > Add Boundary",
              "fullFile": "C:\\Users\\Pramo\\farmer\\test.js",
              "file": "\\test.js",
              "beforeHooks": [],
              "afterHooks": [],
              "tests": [
                {
                  "title": "Add Farm Icon",
                  "fullTitle": "REGULAR FARMER APP TEST REPORT TC-4 : Plus icon > Add farm > Skip crop > Add Boundary Add Farm Icon",
                  "timedOut": false,
                  "duration": 7476,
                  "state": "passed",
                  "speed": "slow",
                  "pass": true,
                  "fail": false,
                  "pending": false,
                  "context": null,
                  "code": "await addFarmIcon(browser);",
                  "err": {},
                  "uuid": "d51e6cf8-fb27-410e-858b-f70ce4bbb83e",
                  "parentUUID": "f198ccd7-d04e-4508-a238-84d3bb359441",
                  "isHook": false,
                  "skipped": false
                },
                {
                  "title": "Add Farm",
                  "fullTitle": "REGULAR FARMER APP TEST REPORT TC-4 : Plus icon > Add farm > Skip crop > Add Boundary Add Farm",
                  "timedOut": false,
                  "duration": 10794,
                  "state": "passed",
                  "speed": "slow",
                  "pass": true,
                  "fail": false,
                  "pending": false,
                  "context": null,
                  "code": "await addFarm(browser);",
                  "err": {},
                  "uuid": "01b0023d-310f-48a2-aef5-6929229350a6",
                  "parentUUID": "f198ccd7-d04e-4508-a238-84d3bb359441",
                  "isHook": false,
                  "skipped": false
                },
                {
                  "title": "Skip Crop",
                  "fullTitle": "REGULAR FARMER APP TEST REPORT TC-4 : Plus icon > Add farm > Skip crop > Add Boundary Skip Crop",
                  "timedOut": false,
                  "duration": 5045,
                  "state": "passed",
                  "speed": "slow",
                  "pass": true,
                  "fail": false,
                  "pending": false,
                  "context": null,
                  "code": "await skipCrop(browser);",
                  "err": {},
                  "uuid": "b11b72ac-5345-4565-99a2-1e8de4fa1994",
                  "parentUUID": "f198ccd7-d04e-4508-a238-84d3bb359441",
                  "isHook": false,
                  "skipped": false
                },
                {
                  "title": "Add Boundary - Draw On Map",
                  "fullTitle": "REGULAR FARMER APP TEST REPORT TC-4 : Plus icon > Add farm > Skip crop > Add Boundary Add Boundary - Draw On Map",
                  "timedOut": false,
                  "duration": 12848,
                  "state": "passed",
                  "speed": "slow",
                  "pass": true,
                  "fail": false,
                  "pending": false,
                  "context": null,
                  "code": "const coordinates = [\n  { x: 390, y: 760 },  // Top-left corner of the box\n  { x: 690, y: 760 },  // Top-right corner of the box\n  { x: 690, y: 1160 }, // Bottom-right corner of the box\n  { x: 390, y: 1160 }, // Bottom-left corner of the box\n  { x: 390, y: 760 },   // Closing the box (back to top-left)\n  { x: 390, y: 760 }   // Closing the box (back to top-left)\n  \n];\nawait tapOnScreen(browser, coordinates);",
                  "err": {},
                  "uuid": "8c7353d1-2067-45e6-8739-ef08c1da9844",
                  "parentUUID": "f198ccd7-d04e-4508-a238-84d3bb359441",
                  "isHook": false,
                  "skipped": false
                }
              ],
              "suites": [],
              "passes": [
                "d51e6cf8-fb27-410e-858b-f70ce4bbb83e",
                "01b0023d-310f-48a2-aef5-6929229350a6",
                "b11b72ac-5345-4565-99a2-1e8de4fa1994",
                "8c7353d1-2067-45e6-8739-ef08c1da9844"
              ],
              "failures": [],
              "pending": [],
              "skipped": [],
              "duration": 36163,
              "root": false,
              "rootEmpty": false,
              "_timeout": 600000
            },
            {
              "uuid": "51d620e3-deb2-4f19-8bcf-2cf439930d11",
              "title": "TC-5 : Plus Icon > Add Farm",
              "fullFile": "C:\\Users\\Pramo\\farmer\\test.js",
              "file": "\\test.js",
              "beforeHooks": [],
              "afterHooks": [],
              "tests": [
                {
                  "title": "Add Farm Icon",
                  "fullTitle": "REGULAR FARMER APP TEST REPORT TC-5 : Plus Icon > Add Farm Add Farm Icon",
                  "timedOut": false,
                  "duration": 8353,
                  "state": "passed",
                  "speed": "slow",
                  "pass": true,
                  "fail": false,
                  "pending": false,
                  "context": null,
                  "code": "await addFarmIcon(browser);",
                  "err": {},
                  "uuid": "9981f96b-0b47-49f1-9f79-96b9f58b3b89",
                  "parentUUID": "51d620e3-deb2-4f19-8bcf-2cf439930d11",
                  "isHook": false,
                  "skipped": false
                },
                {
                  "title": "Add Farm",
                  "fullTitle": "REGULAR FARMER APP TEST REPORT TC-5 : Plus Icon > Add Farm Add Farm",
                  "timedOut": false,
                  "duration": 11180,
                  "state": "passed",
                  "speed": "slow",
                  "pass": true,
                  "fail": false,
                  "pending": false,
                  "context": null,
                  "code": "await addFarm(browser);",
                  "err": {},
                  "uuid": "8fa10d30-c202-4278-83aa-cdce1edf9ea7",
                  "parentUUID": "51d620e3-deb2-4f19-8bcf-2cf439930d11",
                  "isHook": false,
                  "skipped": false
                },
                {
                  "title": "cancel button",
                  "fullTitle": "REGULAR FARMER APP TEST REPORT TC-5 : Plus Icon > Add Farm cancel button",
                  "timedOut": false,
                  "duration": 5622,
                  "state": "passed",
                  "speed": "slow",
                  "pass": true,
                  "fail": false,
                  "pending": false,
                  "context": null,
                  "code": "await cancelButton(browser);",
                  "err": {},
                  "uuid": "12109ec5-fef0-419d-b303-57d3b45f7d48",
                  "parentUUID": "51d620e3-deb2-4f19-8bcf-2cf439930d11",
                  "isHook": false,
                  "skipped": false
                }
              ],
              "suites": [],
              "passes": [
                "9981f96b-0b47-49f1-9f79-96b9f58b3b89",
                "8fa10d30-c202-4278-83aa-cdce1edf9ea7",
                "12109ec5-fef0-419d-b303-57d3b45f7d48"
              ],
              "failures": [],
              "pending": [],
              "skipped": [],
              "duration": 25155,
              "root": false,
              "rootEmpty": false,
              "_timeout": 600000
            },
            {
              "uuid": "669cdb03-8dc2-4a91-b0c1-664a7b645c56",
              "title": "TC-6 : Three dots > Add crop > Add Boundary",
              "fullFile": "C:\\Users\\Pramo\\farmer\\test.js",
              "file": "\\test.js",
              "beforeHooks": [],
              "afterHooks": [],
              "tests": [
                {
                  "title": "Three Dots",
                  "fullTitle": "REGULAR FARMER APP TEST REPORT TC-6 : Three dots > Add crop > Add Boundary Three Dots",
                  "timedOut": false,
                  "duration": 9273,
                  "state": "passed",
                  "speed": "slow",
                  "pass": true,
                  "fail": false,
                  "pending": false,
                  "context": null,
                  "code": "await threeDots2(browser);",
                  "err": {},
                  "uuid": "ebb21ef4-4353-4427-99b7-8290c92a1695",
                  "parentUUID": "669cdb03-8dc2-4a91-b0c1-664a7b645c56",
                  "isHook": false,
                  "skipped": false
                },
                {
                  "title": "Add Crop Button",
                  "fullTitle": "REGULAR FARMER APP TEST REPORT TC-6 : Three dots > Add crop > Add Boundary Add Crop Button",
                  "timedOut": false,
                  "duration": 1370,
                  "state": "passed",
                  "speed": "slow",
                  "pass": true,
                  "fail": false,
                  "pending": false,
                  "context": null,
                  "code": "await addCropButton(browser);",
                  "err": {},
                  "uuid": "9cac65e7-4b02-442c-b565-2e5112b0852a",
                  "parentUUID": "669cdb03-8dc2-4a91-b0c1-664a7b645c56",
                  "isHook": false,
                  "skipped": false
                },
                {
                  "title": "Add Crop",
                  "fullTitle": "REGULAR FARMER APP TEST REPORT TC-6 : Three dots > Add crop > Add Boundary Add Crop",
                  "timedOut": false,
                  "duration": 22622,
                  "state": "passed",
                  "speed": "slow",
                  "pass": true,
                  "fail": false,
                  "pending": false,
                  "context": null,
                  "code": "await addCrop(browser);",
                  "err": {},
                  "uuid": "4a77574e-96fe-4855-ba8d-0936bdcd5dec",
                  "parentUUID": "669cdb03-8dc2-4a91-b0c1-664a7b645c56",
                  "isHook": false,
                  "skipped": false
                },
                {
                  "title": "Add Boundary - Draw On Map",
                  "fullTitle": "REGULAR FARMER APP TEST REPORT TC-6 : Three dots > Add crop > Add Boundary Add Boundary - Draw On Map",
                  "timedOut": false,
                  "duration": 22202,
                  "state": "passed",
                  "speed": "slow",
                  "pass": true,
                  "fail": false,
                  "pending": false,
                  "context": null,
                  "code": "const coordinates = [\n  { x: 390, y: 760 },  // Top-left corner of the box\n  { x: 690, y: 760 },  // Top-right corner of the box\n  { x: 690, y: 1160 }, // Bottom-right corner of the box\n  { x: 390, y: 1160 }, // Bottom-left corner of the box\n  { x: 390, y: 760 },   // Closing the box (back to top-left)\n  { x: 390, y: 760 }   // Closing the box (back to top-left)\n  \n];\nawait tapOnScreen(browser, coordinates);",
                  "err": {},
                  "uuid": "7e5bdec0-f23e-44f5-9b93-6d35be5ba949",
                  "parentUUID": "669cdb03-8dc2-4a91-b0c1-664a7b645c56",
                  "isHook": false,
                  "skipped": false
                }
              ],
              "suites": [],
              "passes": [
                "ebb21ef4-4353-4427-99b7-8290c92a1695",
                "9cac65e7-4b02-442c-b565-2e5112b0852a",
                "4a77574e-96fe-4855-ba8d-0936bdcd5dec",
                "7e5bdec0-f23e-44f5-9b93-6d35be5ba949"
              ],
              "failures": [],
              "pending": [],
              "skipped": [],
              "duration": 55467,
              "root": false,
              "rootEmpty": false,
              "_timeout": 600000
            }
          ],
          "passes": [],
          "failures": [],
          "pending": [],
          "skipped": [],
          "duration": 0,
          "root": false,
          "rootEmpty": false,
          "_timeout": 600000
        }
      ],
      "passes": [],
      "failures": [],
      "pending": [],
      "skipped": [],
      "duration": 0,
      "root": true,
      "rootEmpty": true,
      "_timeout": 2000
    }
  ],
  "meta": {
    "mocha": {
      "version": "11.1.0"
    },
    "mochawesome": {
      "options": {
        "quiet": false,
        "reportFilename": "mochawesome",
        "saveHtml": true,
        "saveJson": true,
        "consoleReporter": "spec",
        "useInlineDiffs": false,
        "code": true
      },
      "version": "7.1.3"
    },
    "marge": {
      "options": null,
      "version": "6.2.0"
    }
  }
}